-------------------------------------------------------------------------------
Test set: ls.lesm.repository.MasterEmployeeDetailsRepositoryTest
-------------------------------------------------------------------------------
Tests run: 1, Failures: 1, Errors: 0, Skipped: 0, Time elapsed: 0.008 s <<< FAILURE! - in ls.lesm.repository.MasterEmployeeDetailsRepositoryTest
testGetKey  Time elapsed: 0.006 s  <<< FAILURE!
org.opentest4j.AssertionFailedError: Not yet implemented
	at ls.lesm.repository.MasterEmployeeDetailsRepositoryTest.testGetKey(MasterEmployeeDetailsRepositoryTest.java:11)

