<?xml version="1.0" encoding="UTF-8"?>
<testsuite xmlns:xsi="http://www.w3.org/2001/XMLSchema-instance" xsi:noNamespaceSchemaLocation="https://maven.apache.org/surefire/maven-surefire-plugin/xsd/surefire-test-report.xsd" name="ls.lesm.repository.MasterEmployeeDetailsRepositoryTest" time="0.008" tests="1" errors="0" skipped="0" failures="1">
  <properties>
[...]
</properties>
  <testcase name="testGetKey" classname="ls.lesm.repository.MasterEmployeeDetailsRepositoryTest" time="0.006">
    <failure message="Not yet implemented" type="org.opentest4j.AssertionFailedError">org.opentest4j.AssertionFailedError: Not yet implemented
	at ls.lesm.repository.MasterEmployeeDetailsRepositoryTest.testGetKey(MasterEmployeeDetailsRepositoryTest.java:11)
</failure>
  </testcase>
</testsuite>